PS C:\Users\86151\Desktop\s\l4\forward> uv.exe run python scripts/verify_cases.py
Connected to CoppeliaSim via ZMQ.

Case 1:
  Target XYZ (mm): [117.0, 334.0, 499.0]
  Sim XYZ (mm): [116.984, 333.994, 498.99]
  Position error (mm): 0.019679
  Rotation error (deg): 0.000041

Case 2:
  Target XYZ (mm): [-66.0, 339.0, 444.0]
  Sim XYZ (mm): [-66.0, 338.983, 443.99]
  Position error (mm): 0.019849
  Rotation error (deg): 0.000021

Case 3:
  Target XYZ (mm): [300.0, 250.0, 260.0]
  Sim XYZ (mm): [299.988, 249.992, 259.987]
  Position error (mm): 0.019876
  Rotation error (deg): 0.000054

Case 4:
  Target XYZ (mm): [420.0, 0.0, 360.0]
  Sim XYZ (mm): [419.989, 0.0, 359.984]
  Position error (mm): 0.019599
  Rotation error (deg): 0.000081

Case 5:
  Target XYZ (mm): [320.0, -250.0, 160.0]
  Sim XYZ (mm): [319.986, -249.988, 159.995]
  Position error (mm): 0.019678
  Rotation error (deg): 0.000062

Verification complete.